0 info it worked if it ends with ok
1 verbose cli [ 'C:\\Program Files\\nodejs\\\\node.exe',
1 verbose cli   'C:\\Program Files\\nodejs\\node_modules\\npm\\bin\\npm-cli.js',
1 verbose cli   'install',
1 verbose cli   'iconv' ]
2 info using npm@2.11.3
3 info using node@v0.12.7
4 verbose install initial load of F:\my_printer(1)\my_printer\package.json
5 verbose installManyTop reading scoped package data from F:\my_printer(1)\my_printer\node_modules\async\package.json
6 verbose installManyTop reading scoped package data from F:\my_printer(1)\my_printer\node_modules\body-parser\package.json
7 verbose installManyTop reading scoped package data from F:\my_printer(1)\my_printer\node_modules\cookie-parser\package.json
8 verbose installManyTop reading scoped package data from F:\my_printer(1)\my_printer\node_modules\cron\package.json
9 verbose installManyTop reading scoped package data from F:\my_printer(1)\my_printer\node_modules\debug\package.json
10 verbose installManyTop reading scoped package data from F:\my_printer(1)\my_printer\node_modules\express\package.json
11 verbose installManyTop reading scoped package data from F:\my_printer(1)\my_printer\node_modules\iconv-lite\package.json
12 verbose installManyTop reading scoped package data from F:\my_printer(1)\my_printer\node_modules\jade\package.json
13 verbose installManyTop reading scoped package data from F:\my_printer(1)\my_printer\node_modules\jquery\package.json
14 verbose installManyTop reading scoped package data from F:\my_printer(1)\my_printer\node_modules\log4js\package.json
15 verbose installManyTop reading scoped package data from F:\my_printer(1)\my_printer\node_modules\moment\package.json
16 verbose installManyTop reading scoped package data from F:\my_printer(1)\my_printer\node_modules\mongodb\package.json
17 verbose installManyTop reading scoped package data from F:\my_printer(1)\my_printer\node_modules\morgan\package.json
18 verbose installManyTop reading scoped package data from F:\my_printer(1)\my_printer\node_modules\net\package.json
19 verbose installManyTop reading scoped package data from F:\my_printer(1)\my_printer\node_modules\node-uuid\package.json
20 verbose installManyTop reading scoped package data from F:\my_printer(1)\my_printer\node_modules\print_assist\package.json
21 verbose installManyTop reading scoped package data from F:\my_printer(1)\my_printer\node_modules\print_bean\package.json
22 verbose installManyTop reading scoped package data from F:\my_printer(1)\my_printer\node_modules\print_config\package.json
23 verbose installManyTop reading scoped package data from F:\my_printer(1)\my_printer\node_modules\print_constants\package.json
24 verbose installManyTop reading scoped package data from F:\my_printer(1)\my_printer\node_modules\print_control\package.json
25 verbose installManyTop reading scoped package data from F:\my_printer(1)\my_printer\node_modules\print_memory\package.json
26 verbose installManyTop reading scoped package data from F:\my_printer(1)\my_printer\node_modules\print_service\package.json
27 verbose installManyTop reading scoped package data from F:\my_printer(1)\my_printer\node_modules\print_source\package.json
28 verbose installManyTop reading scoped package data from F:\my_printer(1)\my_printer\node_modules\print_util\package.json
29 verbose installManyTop reading scoped package data from F:\my_printer(1)\my_printer\node_modules\serve-favicon\package.json
30 verbose installManyTop reading scoped package data from F:\my_printer(1)\my_printer\node_modules\socket.io\package.json
31 verbose installManyTop reading scoped package data from F:\my_printer(1)\my_printer\node_modules\xml2js\package.json
32 info package.json cron@1.0.9 No license field.
33 info package.json jquery@2.1.4 No license field.
34 info package.json node-uuid@1.4.3 No license field.
35 info package.json socket.io@1.3.6 No license field.
36 info package.json net@1.0.2 net is also the name of a node core module.
37 info package.json net@1.0.2 'repositories' (plural) Not supported. Please pick one as the 'repository' field
38 info package.json net@1.0.2 No README data
39 info package.json net@1.0.2 license should be a valid SPDX license expression
40 verbose readDependencies loading dependencies from F:\my_printer(1)\my_printer\package.json
41 silly cache add args [ 'iconv', null ]
42 verbose cache add spec iconv
43 silly cache add parsed spec { raw: 'iconv',
43 silly cache add   scope: null,
43 silly cache add   name: 'iconv',
43 silly cache add   rawSpec: '',
43 silly cache add   spec: '*',
43 silly cache add   type: 'range' }
44 silly addNamed iconv@*
45 verbose addNamed "*" is a valid semver range for iconv
46 silly addNameRange { name: 'iconv', range: '*', hasData: false }
47 silly mapToRegistry name iconv
48 silly mapToRegistry using default registry
49 silly mapToRegistry registry https://registry.npmjs.org/
50 silly mapToRegistry uri https://registry.npmjs.org/iconv
51 verbose addNameRange registry:https://registry.npmjs.org/iconv not in flight; fetching
52 verbose request uri https://registry.npmjs.org/iconv
53 verbose request no auth needed
54 info attempt registry request try #1 at 16:36:40
55 verbose request id c74417ee45ab32d1
56 http request GET https://registry.npmjs.org/iconv
57 http 200 https://registry.npmjs.org/iconv
58 silly get cb [ 200,
58 silly get   { server: 'CouchDB/1.5.0 (Erlang OTP/R16B03)',
58 silly get     etag: '"7OYBQFCWLEQJHBY30008ARW02"',
58 silly get     'content-type': 'application/json',
58 silly get     'cache-control': 'max-age=60',
58 silly get     'content-length': '31650',
58 silly get     'accept-ranges': 'bytes',
58 silly get     date: 'Fri, 31 Jul 2015 08:36:54 GMT',
58 silly get     via: '1.1 varnish',
58 silly get     age: '0',
58 silly get     connection: 'keep-alive',
58 silly get     'x-served-by': 'cache-itm7424-ITM',
58 silly get     'x-cache': 'MISS',
58 silly get     'x-cache-hits': '0',
58 silly get     'x-timer': 'S1438331813.773580,VS0,VE943',
58 silly get     vary: 'Accept' } ]
59 verbose get saving iconv to C:\Users\lining\AppData\Roaming\npm-cache\registry.npmjs.org\iconv\.cache.json
60 silly addNameRange number 2 { name: 'iconv', range: '*', hasData: true }
61 silly addNameRange versions [ 'iconv',
61 silly addNameRange   [ '1.0.0',
61 silly addNameRange     '1.0.1',
61 silly addNameRange     '1.1.0',
61 silly addNameRange     '1.1.1',
61 silly addNameRange     '1.1.2',
61 silly addNameRange     '1.1.3',
61 silly addNameRange     '1.2.0',
61 silly addNameRange     '1.2.1',
61 silly addNameRange     '1.2.2',
61 silly addNameRange     '1.2.3',
61 silly addNameRange     '1.2.4',
61 silly addNameRange     '2.0.0',
61 silly addNameRange     '2.0.1',
61 silly addNameRange     '2.0.2',
61 silly addNameRange     '2.0.3',
61 silly addNameRange     '2.0.4',
61 silly addNameRange     '2.0.5',
61 silly addNameRange     '2.0.6',
61 silly addNameRange     '2.0.7',
61 silly addNameRange     '2.1.0',
61 silly addNameRange     '2.1.1',
61 silly addNameRange     '2.1.2',
61 silly addNameRange     '2.1.3',
61 silly addNameRange     '2.1.4',
61 silly addNameRange     '2.1.5',
61 silly addNameRange     '2.1.6',
61 silly addNameRange     '2.1.7',
61 silly addNameRange     '2.1.8' ] ]
62 silly addNamed iconv@2.1.8
63 verbose addNamed "2.1.8" is a plain semver version for iconv
64 silly mapToRegistry name iconv
65 silly mapToRegistry using default registry
66 silly mapToRegistry registry https://registry.npmjs.org/
67 silly mapToRegistry uri https://registry.npmjs.org/iconv
68 verbose addRemoteTarball https://registry.npmjs.org/iconv/-/iconv-2.1.8.tgz not in flight; adding
69 verbose addRemoteTarball [ 'https://registry.npmjs.org/iconv/-/iconv-2.1.8.tgz',
69 verbose addRemoteTarball   '6c306f1bd37e9c980964c25ceb15c26bc8a28d6c' ]
70 info retry fetch attempt 1 at 16:36:42
71 info attempt registry request try #1 at 16:36:42
72 http fetch GET https://registry.npmjs.org/iconv/-/iconv-2.1.8.tgz
73 http fetch 200 https://registry.npmjs.org/iconv/-/iconv-2.1.8.tgz
74 silly fetchAndShaCheck shasum 6c306f1bd37e9c980964c25ceb15c26bc8a28d6c
75 verbose addTmpTarball C:\Users\lining\AppData\Local\Temp\npm-6868-5abe17d3\registry.npmjs.org\iconv\-\iconv-2.1.8.tgz not in flight; adding
76 verbose addTmpTarball already have metadata; skipping unpack for iconv@2.1.8
77 silly cache afterAdd iconv@2.1.8
78 verbose afterAdd C:\Users\lining\AppData\Roaming\npm-cache\iconv\2.1.8\package\package.json not in flight; writing
79 verbose afterAdd C:\Users\lining\AppData\Roaming\npm-cache\iconv\2.1.8\package\package.json written
80 silly install resolved [ { name: 'iconv',
80 silly install resolved     main: './lib/iconv',
80 silly install resolved     version: '2.1.8',
80 silly install resolved     description: 'Text recoding in JavaScript for fun and profit!',
80 silly install resolved     homepage: 'https://github.com/bnoordhuis/node-iconv',
80 silly install resolved     repository:
80 silly install resolved      { type: 'git',
80 silly install resolved        url: 'git://github.com/bnoordhuis/node-iconv.git' },
80 silly install resolved     author: { name: 'Ben Noordhuis', email: 'info@bnoordhuis.nl' },
80 silly install resolved     engines: { node: '>=0.8.0' },
80 silly install resolved     license: 'ISC',
80 silly install resolved     dependencies: { nan: '~1.8.0' },
80 silly install resolved     devDependencies: { tap: '~0.4.8' },
80 silly install resolved     scripts: { test: 'tap test/test-*.js', install: 'node-gyp rebuild' },
80 silly install resolved     gypfile: true,
80 silly install resolved     gitHead: '51033cdaceee45255fef46720ef6526664df80e3',
80 silly install resolved     bugs: { url: 'https://github.com/bnoordhuis/node-iconv/issues' },
80 silly install resolved     _id: 'iconv@2.1.8',
80 silly install resolved     _shasum: '6c306f1bd37e9c980964c25ceb15c26bc8a28d6c',
80 silly install resolved     _from: 'iconv@*',
80 silly install resolved     _npmVersion: '2.11.0',
80 silly install resolved     _nodeVersion: '2.2.2',
80 silly install resolved     _npmUser: { name: 'bnoordhuis', email: 'info@bnoordhuis.nl' },
80 silly install resolved     maintainers: [ [Object] ],
80 silly install resolved     dist:
80 silly install resolved      { shasum: '6c306f1bd37e9c980964c25ceb15c26bc8a28d6c',
80 silly install resolved        tarball: 'http://registry.npmjs.org/iconv/-/iconv-2.1.8.tgz' },
80 silly install resolved     directories: {},
80 silly install resolved     _resolved: 'https://registry.npmjs.org/iconv/-/iconv-2.1.8.tgz' } ]
81 info install iconv@2.1.8 into F:\my_printer(1)\my_printer
82 info installOne iconv@2.1.8
83 verbose installOne of iconv to F:\my_printer(1)\my_printer not in flight; installing
84 verbose lock using C:\Users\lining\AppData\Roaming\npm-cache\_locks\iconv-9ac738de3c956df5.lock for F:\my_printer(1)\my_printer\node_modules\iconv
85 silly install write writing iconv 2.1.8 to F:\my_printer(1)\my_printer\node_modules\iconv
86 verbose unbuild node_modules\iconv
87 silly gentlyRm F:\my_printer(1)\my_printer\node_modules\iconv is being purged from base F:\my_printer(1)\my_printer
88 verbose gentlyRm don't care about contents; nuking F:\my_printer(1)\my_printer\node_modules\iconv
89 verbose tar unpack C:\Users\lining\AppData\Roaming\npm-cache\iconv\2.1.8\package.tgz
90 verbose tar unpacking to F:\my_printer(1)\my_printer\node_modules\iconv
91 silly gentlyRm F:\my_printer(1)\my_printer\node_modules\iconv is being purged
92 verbose gentlyRm don't care about contents; nuking F:\my_printer(1)\my_printer\node_modules\iconv
93 silly gunzTarPerm modes [ '777', '666' ]
94 silly gunzTarPerm extractEntry package.json
95 silly gunzTarPerm modified mode [ 'package.json', 436, 438 ]
96 silly gunzTarPerm extractEntry .npmignore
97 silly gunzTarPerm modified mode [ '.npmignore', 436, 438 ]
98 silly gunzTarPerm extractEntry README.md
99 silly gunzTarPerm modified mode [ 'README.md', 436, 438 ]
100 silly gunzTarPerm extractEntry LICENSE
101 silly gunzTarPerm modified mode [ 'LICENSE', 436, 438 ]
102 silly gunzTarPerm extractEntry binding.gyp
103 silly gunzTarPerm modified mode [ 'binding.gyp', 436, 438 ]
104 silly gunzTarPerm extractEntry deps/libiconv/README
105 silly gunzTarPerm modified mode [ 'deps/libiconv/README', 436, 438 ]
106 silly gunzTarPerm extractEntry deps/libiconv/INSTALL.generic
107 silly gunzTarPerm modified mode [ 'deps/libiconv/INSTALL.generic', 436, 438 ]
108 silly gunzTarPerm extractEntry deps/libiconv/COPYING
109 silly gunzTarPerm modified mode [ 'deps/libiconv/COPYING', 436, 438 ]
110 silly gunzTarPerm extractEntry deps/libiconv/COPYING.LIB
111 silly gunzTarPerm modified mode [ 'deps/libiconv/COPYING.LIB', 436, 438 ]
112 silly gunzTarPerm extractEntry deps/libiconv/ChangeLog
113 silly gunzTarPerm modified mode [ 'deps/libiconv/ChangeLog', 436, 438 ]
114 silly gunzTarPerm extractEntry deps/libiconv/DEPENDENCIES
115 silly gunzTarPerm modified mode [ 'deps/libiconv/DEPENDENCIES', 436, 438 ]
116 silly gunzTarPerm extractEntry deps/libiconv/DESIGN
117 silly gunzTarPerm modified mode [ 'deps/libiconv/DESIGN', 436, 438 ]
118 silly gunzTarPerm extractEntry deps/libiconv/HACKING
119 silly gunzTarPerm modified mode [ 'deps/libiconv/HACKING', 436, 438 ]
120 silly gunzTarPerm extractEntry deps/libiconv/AUTHORS
121 silly gunzTarPerm modified mode [ 'deps/libiconv/AUTHORS', 436, 438 ]
122 silly gunzTarPerm extractEntry deps/libiconv/NEWS
123 silly gunzTarPerm modified mode [ 'deps/libiconv/NEWS', 436, 438 ]
124 silly gunzTarPerm extractEntry deps/libiconv/NOTES
125 silly gunzTarPerm modified mode [ 'deps/libiconv/NOTES', 436, 438 ]
126 silly gunzTarPerm extractEntry deps/libiconv/PORTS
127 silly gunzTarPerm modified mode [ 'deps/libiconv/PORTS', 436, 438 ]
128 silly gunzTarPerm extractEntry deps/libiconv/ABOUT-NLS
129 silly gunzTarPerm modified mode [ 'deps/libiconv/ABOUT-NLS', 436, 438 ]
130 silly gunzTarPerm extractEntry deps/libiconv/README.woe32
131 silly gunzTarPerm modified mode [ 'deps/libiconv/README.woe32', 436, 438 ]
132 silly gunzTarPerm extractEntry deps/libiconv/THANKS
133 silly gunzTarPerm modified mode [ 'deps/libiconv/THANKS', 436, 438 ]
134 silly gunzTarPerm extractEntry deps/libiconv/lib/euc_tw.h
135 silly gunzTarPerm modified mode [ 'deps/libiconv/lib/euc_tw.h', 436, 438 ]
136 silly gunzTarPerm extractEntry deps/libiconv/lib/aliases.gperf
137 silly gunzTarPerm modified mode [ 'deps/libiconv/lib/aliases.gperf', 436, 438 ]
138 silly gunzTarPerm extractEntry deps/libiconv/lib/aliases2.h
139 silly gunzTarPerm modified mode [ 'deps/libiconv/lib/aliases2.h', 436, 438 ]
140 silly gunzTarPerm extractEntry deps/libiconv/lib/aliases_aix.h
141 silly gunzTarPerm modified mode [ 'deps/libiconv/lib/aliases_aix.h', 436, 438 ]
142 silly gunzTarPerm extractEntry deps/libiconv/lib/aliases_aix_sysaix.h
143 silly gunzTarPerm modified mode [ 'deps/libiconv/lib/aliases_aix_sysaix.h', 436, 438 ]
144 silly gunzTarPerm extractEntry deps/libiconv/lib/aliases_dos.h
145 silly gunzTarPerm modified mode [ 'deps/libiconv/lib/aliases_dos.h', 436, 438 ]
146 silly gunzTarPerm extractEntry deps/libiconv/lib/aliases_extra.h
147 silly gunzTarPerm modified mode [ 'deps/libiconv/lib/aliases_extra.h', 436, 438 ]
148 silly gunzTarPerm extractEntry deps/libiconv/lib/aliases_osf1.h
149 silly gunzTarPerm modified mode [ 'deps/libiconv/lib/aliases_osf1.h', 436, 438 ]
150 silly gunzTarPerm extractEntry deps/libiconv/lib/aliases_osf1_sysosf1.h
151 silly gunzTarPerm modified mode [ 'deps/libiconv/lib/aliases_osf1_sysosf1.h', 436, 438 ]
152 silly gunzTarPerm extractEntry deps/libiconv/lib/aliases_sysaix.gperf
153 silly gunzTarPerm modified mode [ 'deps/libiconv/lib/aliases_sysaix.gperf', 436, 438 ]
154 silly gunzTarPerm extractEntry deps/libiconv/lib/aliases_sysaix.h
155 silly gunzTarPerm modified mode [ 'deps/libiconv/lib/aliases_sysaix.h', 436, 438 ]
156 silly gunzTarPerm extractEntry deps/libiconv/lib/aliases_syshpux.gperf
157 silly gunzTarPerm modified mode [ 'deps/libiconv/lib/aliases_syshpux.gperf', 436, 438 ]
158 silly gunzTarPerm extractEntry deps/libiconv/lib/aliases_syshpux.h
159 silly gunzTarPerm modified mode [ 'deps/libiconv/lib/aliases_syshpux.h', 436, 438 ]
160 silly gunzTarPerm extractEntry deps/libiconv/lib/aliases_sysosf1.gperf
161 silly gunzTarPerm modified mode [ 'deps/libiconv/lib/aliases_sysosf1.gperf', 436, 438 ]
162 silly gunzTarPerm extractEntry deps/libiconv/lib/aliases_sysosf1.h
163 silly gunzTarPerm modified mode [ 'deps/libiconv/lib/aliases_sysosf1.h', 436, 438 ]
164 silly gunzTarPerm extractEntry deps/libiconv/lib/aliases_syssolaris.gperf
165 silly gunzTarPerm modified mode [ 'deps/libiconv/lib/aliases_syssolaris.gperf', 436, 438 ]
166 silly gunzTarPerm extractEntry deps/libiconv/lib/aliases_syssolaris.h
167 silly gunzTarPerm modified mode [ 'deps/libiconv/lib/aliases_syssolaris.h', 436, 438 ]
168 silly gunzTarPerm extractEntry deps/libiconv/lib/armscii_8.h
169 silly gunzTarPerm modified mode [ 'deps/libiconv/lib/armscii_8.h', 436, 438 ]
170 silly gunzTarPerm extractEntry deps/libiconv/lib/ascii.h
171 silly gunzTarPerm modified mode [ 'deps/libiconv/lib/ascii.h', 436, 438 ]
172 silly gunzTarPerm extractEntry deps/libiconv/lib/atarist.h
173 silly gunzTarPerm modified mode [ 'deps/libiconv/lib/atarist.h', 436, 438 ]
174 silly gunzTarPerm extractEntry deps/libiconv/lib/big5.h
175 silly gunzTarPerm modified mode [ 'deps/libiconv/lib/big5.h', 436, 438 ]
176 silly gunzTarPerm extractEntry deps/libiconv/lib/big5_2003.h
177 silly gunzTarPerm modified mode [ 'deps/libiconv/lib/big5_2003.h', 436, 438 ]
178 silly gunzTarPerm extractEntry deps/libiconv/lib/big5hkscs1999.h
179 silly gunzTarPerm modified mode [ 'deps/libiconv/lib/big5hkscs1999.h', 436, 438 ]
180 silly gunzTarPerm extractEntry deps/libiconv/lib/big5hkscs2001.h
181 silly gunzTarPerm modified mode [ 'deps/libiconv/lib/big5hkscs2001.h', 436, 438 ]
182 silly gunzTarPerm extractEntry deps/libiconv/lib/big5hkscs2004.h
183 silly gunzTarPerm modified mode [ 'deps/libiconv/lib/big5hkscs2004.h', 436, 438 ]
184 silly gunzTarPerm extractEntry deps/libiconv/lib/big5hkscs2008.h
185 silly gunzTarPerm modified mode [ 'deps/libiconv/lib/big5hkscs2008.h', 436, 438 ]
186 silly gunzTarPerm extractEntry deps/libiconv/lib/c99.h
187 silly gunzTarPerm modified mode [ 'deps/libiconv/lib/c99.h', 436, 438 ]
188 silly gunzTarPerm extractEntry deps/libiconv/lib/canonical.h
189 silly gunzTarPerm modified mode [ 'deps/libiconv/lib/canonical.h', 436, 438 ]
190 silly gunzTarPerm extractEntry deps/libiconv/lib/canonical_aix.h
191 silly gunzTarPerm modified mode [ 'deps/libiconv/lib/canonical_aix.h', 436, 438 ]
192 silly gunzTarPerm extractEntry deps/libiconv/lib/canonical_aix_sysaix.h
193 silly gunzTarPerm modified mode [ 'deps/libiconv/lib/canonical_aix_sysaix.h', 436, 438 ]
194 silly gunzTarPerm extractEntry deps/libiconv/lib/canonical_dos.h
195 silly gunzTarPerm modified mode [ 'deps/libiconv/lib/canonical_dos.h', 436, 438 ]
196 silly gunzTarPerm extractEntry deps/libiconv/lib/canonical_extra.h
197 silly gunzTarPerm modified mode [ 'deps/libiconv/lib/canonical_extra.h', 436, 438 ]
198 silly gunzTarPerm extractEntry deps/libiconv/lib/canonical_local.h
199 silly gunzTarPerm modified mode [ 'deps/libiconv/lib/canonical_local.h', 436, 438 ]
200 silly gunzTarPerm extractEntry deps/libiconv/lib/canonical_local_sysaix.h
201 silly gunzTarPerm modified mode [ 'deps/libiconv/lib/canonical_local_sysaix.h', 436, 438 ]
202 silly gunzTarPerm extractEntry deps/libiconv/lib/canonical_local_syshpux.h
203 silly gunzTarPerm modified mode [ 'deps/libiconv/lib/canonical_local_syshpux.h', 436, 438 ]
204 silly gunzTarPerm extractEntry deps/libiconv/lib/canonical_local_sysosf1.h
205 silly gunzTarPerm modified mode [ 'deps/libiconv/lib/canonical_local_sysosf1.h', 436, 438 ]
206 silly gunzTarPerm extractEntry deps/libiconv/lib/canonical_local_syssolaris.h
207 silly gunzTarPerm modified mode [ 'deps/libiconv/lib/canonical_local_syssolaris.h', 436, 438 ]
208 silly gunzTarPerm extractEntry deps/libiconv/lib/canonical_osf1.h
209 silly gunzTarPerm modified mode [ 'deps/libiconv/lib/canonical_osf1.h', 436, 438 ]
210 silly gunzTarPerm extractEntry deps/libiconv/lib/canonical_osf1_sysosf1.h
211 silly gunzTarPerm modified mode [ 'deps/libiconv/lib/canonical_osf1_sysosf1.h', 436, 438 ]
212 silly gunzTarPerm extractEntry deps/libiconv/lib/canonical_sysaix.h
213 silly gunzTarPerm modified mode [ 'deps/libiconv/lib/canonical_sysaix.h', 436, 438 ]
214 silly gunzTarPerm extractEntry deps/libiconv/lib/canonical_syshpux.h
215 silly gunzTarPerm modified mode [ 'deps/libiconv/lib/canonical_syshpux.h', 436, 438 ]
216 silly gunzTarPerm extractEntry deps/libiconv/lib/canonical_sysosf1.h
217 silly gunzTarPerm modified mode [ 'deps/libiconv/lib/canonical_sysosf1.h', 436, 438 ]
218 silly gunzTarPerm extractEntry deps/libiconv/lib/canonical_syssolaris.h
219 silly gunzTarPerm modified mode [ 'deps/libiconv/lib/canonical_syssolaris.h', 436, 438 ]
220 silly gunzTarPerm extractEntry deps/libiconv/lib/ces_big5.h
221 silly gunzTarPerm modified mode [ 'deps/libiconv/lib/ces_big5.h', 436, 438 ]
222 silly gunzTarPerm extractEntry deps/libiconv/lib/ces_gbk.h
223 silly gunzTarPerm modified mode [ 'deps/libiconv/lib/ces_gbk.h', 436, 438 ]
224 silly gunzTarPerm extractEntry deps/libiconv/lib/cjk_variants.h
225 silly gunzTarPerm modified mode [ 'deps/libiconv/lib/cjk_variants.h', 436, 438 ]
226 silly gunzTarPerm extractEntry deps/libiconv/lib/cns11643.h
227 silly gunzTarPerm modified mode [ 'deps/libiconv/lib/cns11643.h', 436, 438 ]
228 silly gunzTarPerm extractEntry deps/libiconv/lib/cns11643_1.h
229 silly gunzTarPerm modified mode [ 'deps/libiconv/lib/cns11643_1.h', 436, 438 ]
230 silly gunzTarPerm extractEntry deps/libiconv/lib/cns11643_15.h
231 silly gunzTarPerm modified mode [ 'deps/libiconv/lib/cns11643_15.h', 436, 438 ]
232 silly gunzTarPerm extractEntry deps/libiconv/lib/cns11643_2.h
233 silly gunzTarPerm modified mode [ 'deps/libiconv/lib/cns11643_2.h', 436, 438 ]
234 silly gunzTarPerm extractEntry deps/libiconv/lib/cns11643_3.h
235 silly gunzTarPerm modified mode [ 'deps/libiconv/lib/cns11643_3.h', 436, 438 ]
236 silly gunzTarPerm extractEntry deps/libiconv/lib/cns11643_4.h
237 silly gunzTarPerm modified mode [ 'deps/libiconv/lib/cns11643_4.h', 436, 438 ]
238 silly gunzTarPerm extractEntry deps/libiconv/lib/cns11643_4a.h
239 silly gunzTarPerm modified mode [ 'deps/libiconv/lib/cns11643_4a.h', 436, 438 ]
240 silly gunzTarPerm extractEntry deps/libiconv/lib/cns11643_4b.h
241 silly gunzTarPerm modified mode [ 'deps/libiconv/lib/cns11643_4b.h', 436, 438 ]
242 silly gunzTarPerm extractEntry deps/libiconv/lib/cns11643_5.h
243 silly gunzTarPerm modified mode [ 'deps/libiconv/lib/cns11643_5.h', 436, 438 ]
244 silly gunzTarPerm extractEntry deps/libiconv/lib/cns11643_6.h
245 silly gunzTarPerm modified mode [ 'deps/libiconv/lib/cns11643_6.h', 436, 438 ]
246 silly gunzTarPerm extractEntry deps/libiconv/lib/cns11643_7.h
247 silly gunzTarPerm modified mode [ 'deps/libiconv/lib/cns11643_7.h', 436, 438 ]
248 silly gunzTarPerm extractEntry deps/libiconv/lib/cns11643_inv.h
249 silly gunzTarPerm modified mode [ 'deps/libiconv/lib/cns11643_inv.h', 436, 438 ]
250 silly gunzTarPerm extractEntry deps/libiconv/lib/converters.h
251 silly gunzTarPerm modified mode [ 'deps/libiconv/lib/converters.h', 436, 438 ]
252 silly gunzTarPerm extractEntry deps/libiconv/lib/cp1046.h
253 silly gunzTarPerm modified mode [ 'deps/libiconv/lib/cp1046.h', 436, 438 ]
254 silly gunzTarPerm extractEntry deps/libiconv/lib/cp1124.h
255 silly gunzTarPerm modified mode [ 'deps/libiconv/lib/cp1124.h', 436, 438 ]
256 silly gunzTarPerm extractEntry deps/libiconv/lib/cp1125.h
257 silly gunzTarPerm modified mode [ 'deps/libiconv/lib/cp1125.h', 436, 438 ]
258 silly gunzTarPerm extractEntry deps/libiconv/lib/cp1129.h
259 silly gunzTarPerm modified mode [ 'deps/libiconv/lib/cp1129.h', 436, 438 ]
260 silly gunzTarPerm extractEntry deps/libiconv/lib/cp1131.h
261 silly gunzTarPerm modified mode [ 'deps/libiconv/lib/cp1131.h', 436, 438 ]
262 silly gunzTarPerm extractEntry deps/libiconv/lib/cp1133.h
263 silly gunzTarPerm modified mode [ 'deps/libiconv/lib/cp1133.h', 436, 438 ]
264 silly gunzTarPerm extractEntry deps/libiconv/lib/cp1161.h
265 silly gunzTarPerm modified mode [ 'deps/libiconv/lib/cp1161.h', 436, 438 ]
266 silly gunzTarPerm extractEntry deps/libiconv/lib/cp1162.h
267 silly gunzTarPerm modified mode [ 'deps/libiconv/lib/cp1162.h', 436, 438 ]
268 silly gunzTarPerm extractEntry deps/libiconv/lib/cp1163.h
269 silly gunzTarPerm modified mode [ 'deps/libiconv/lib/cp1163.h', 436, 438 ]
270 silly gunzTarPerm extractEntry deps/libiconv/lib/cp1250.h
271 silly gunzTarPerm modified mode [ 'deps/libiconv/lib/cp1250.h', 436, 438 ]
272 silly gunzTarPerm extractEntry deps/libiconv/lib/cp1251.h
273 silly gunzTarPerm modified mode [ 'deps/libiconv/lib/cp1251.h', 436, 438 ]
274 silly gunzTarPerm extractEntry deps/libiconv/lib/cp1252.h
275 silly gunzTarPerm modified mode [ 'deps/libiconv/lib/cp1252.h', 436, 438 ]
276 silly gunzTarPerm extractEntry deps/libiconv/lib/cp1253.h
277 silly gunzTarPerm modified mode [ 'deps/libiconv/lib/cp1253.h', 436, 438 ]
278 silly gunzTarPerm extractEntry deps/libiconv/lib/cp1254.h
279 silly gunzTarPerm modified mode [ 'deps/libiconv/lib/cp1254.h', 436, 438 ]
280 silly gunzTarPerm extractEntry deps/libiconv/lib/cp1255.h
281 silly gunzTarPerm modified mode [ 'deps/libiconv/lib/cp1255.h', 436, 438 ]
282 silly gunzTarPerm extractEntry deps/libiconv/lib/cp1256.h
283 silly gunzTarPerm modified mode [ 'deps/libiconv/lib/cp1256.h', 436, 438 ]
284 silly gunzTarPerm extractEntry deps/libiconv/lib/cp1257.h
285 silly gunzTarPerm modified mode [ 'deps/libiconv/lib/cp1257.h', 436, 438 ]
286 silly gunzTarPerm extractEntry deps/libiconv/lib/cp1258.h
287 silly gunzTarPerm modified mode [ 'deps/libiconv/lib/cp1258.h', 436, 438 ]
288 silly gunzTarPerm extractEntry deps/libiconv/lib/cp437.h
289 silly gunzTarPerm modified mode [ 'deps/libiconv/lib/cp437.h', 436, 438 ]
290 silly gunzTarPerm extractEntry deps/libiconv/lib/cp737.h
291 silly gunzTarPerm modified mode [ 'deps/libiconv/lib/cp737.h', 436, 438 ]
292 silly gunzTarPerm extractEntry deps/libiconv/lib/cp775.h
293 silly gunzTarPerm modified mode [ 'deps/libiconv/lib/cp775.h', 436, 438 ]
294 silly gunzTarPerm extractEntry deps/libiconv/lib/cp850.h
295 silly gunzTarPerm modified mode [ 'deps/libiconv/lib/cp850.h', 436, 438 ]
296 silly gunzTarPerm extractEntry deps/libiconv/lib/cp852.h
297 silly gunzTarPerm modified mode [ 'deps/libiconv/lib/cp852.h', 436, 438 ]
298 silly gunzTarPerm extractEntry deps/libiconv/lib/cp853.h
299 silly gunzTarPerm modified mode [ 'deps/libiconv/lib/cp853.h', 436, 438 ]
300 silly gunzTarPerm extractEntry deps/libiconv/lib/cp855.h
301 silly gunzTarPerm modified mode [ 'deps/libiconv/lib/cp855.h', 436, 438 ]
302 silly gunzTarPerm extractEntry deps/libiconv/lib/cp856.h
303 silly gunzTarPerm modified mode [ 'deps/libiconv/lib/cp856.h', 436, 438 ]
304 silly gunzTarPerm extractEntry deps/libiconv/lib/cp857.h
305 silly gunzTarPerm modified mode [ 'deps/libiconv/lib/cp857.h', 436, 438 ]
306 silly gunzTarPerm extractEntry deps/libiconv/lib/cp858.h
307 silly gunzTarPerm modified mode [ 'deps/libiconv/lib/cp858.h', 436, 438 ]
308 silly gunzTarPerm extractEntry deps/libiconv/lib/cp860.h
309 silly gunzTarPerm modified mode [ 'deps/libiconv/lib/cp860.h', 436, 438 ]
310 silly gunzTarPerm extractEntry deps/libiconv/lib/cp861.h
311 silly gunzTarPerm modified mode [ 'deps/libiconv/lib/cp861.h', 436, 438 ]
312 silly gunzTarPerm extractEntry deps/libiconv/lib/cp862.h
313 silly gunzTarPerm modified mode [ 'deps/libiconv/lib/cp862.h', 436, 438 ]
314 silly gunzTarPerm extractEntry deps/libiconv/lib/cp863.h
315 silly gunzTarPerm modified mode [ 'deps/libiconv/lib/cp863.h', 436, 438 ]
316 silly gunzTarPerm extractEntry deps/libiconv/lib/cp864.h
317 silly gunzTarPerm modified mode [ 'deps/libiconv/lib/cp864.h', 436, 438 ]
318 silly gunzTarPerm extractEntry deps/libiconv/lib/cp865.h
319 silly gunzTarPerm modified mode [ 'deps/libiconv/lib/cp865.h', 436, 438 ]
320 silly gunzTarPerm extractEntry deps/libiconv/lib/cp866.h
321 silly gunzTarPerm modified mode [ 'deps/libiconv/lib/cp866.h', 436, 438 ]
322 silly gunzTarPerm extractEntry deps/libiconv/lib/cp869.h
323 silly gunzTarPerm modified mode [ 'deps/libiconv/lib/cp869.h', 436, 438 ]
324 silly gunzTarPerm extractEntry deps/libiconv/lib/cp874.h
325 silly gunzTarPerm modified mode [ 'deps/libiconv/lib/cp874.h', 436, 438 ]
326 silly gunzTarPerm extractEntry deps/libiconv/lib/cp922.h
327 silly gunzTarPerm modified mode [ 'deps/libiconv/lib/cp922.h', 436, 438 ]
328 silly gunzTarPerm extractEntry deps/libiconv/lib/cp932.h
329 silly gunzTarPerm modified mode [ 'deps/libiconv/lib/cp932.h', 436, 438 ]
330 silly gunzTarPerm extractEntry deps/libiconv/lib/cp932ext.h
331 silly gunzTarPerm modified mode [ 'deps/libiconv/lib/cp932ext.h', 436, 438 ]
332 silly gunzTarPerm extractEntry deps/libiconv/lib/cp936.h
333 silly gunzTarPerm modified mode [ 'deps/libiconv/lib/cp936.h', 436, 438 ]
334 silly gunzTarPerm extractEntry deps/libiconv/lib/cp936ext.h
335 silly gunzTarPerm modified mode [ 'deps/libiconv/lib/cp936ext.h', 436, 438 ]
336 silly gunzTarPerm extractEntry deps/libiconv/lib/cp943.h
337 silly gunzTarPerm modified mode [ 'deps/libiconv/lib/cp943.h', 436, 438 ]
338 silly gunzTarPerm extractEntry deps/libiconv/lib/cp949.h
339 silly gunzTarPerm modified mode [ 'deps/libiconv/lib/cp949.h', 436, 438 ]
340 silly gunzTarPerm extractEntry deps/libiconv/lib/cp950.h
341 silly gunzTarPerm modified mode [ 'deps/libiconv/lib/cp950.h', 436, 438 ]
342 silly gunzTarPerm extractEntry deps/libiconv/lib/cp950ext.h
343 silly gunzTarPerm modified mode [ 'deps/libiconv/lib/cp950ext.h', 436, 438 ]
344 silly gunzTarPerm extractEntry deps/libiconv/lib/dec_hanyu.h
345 silly gunzTarPerm modified mode [ 'deps/libiconv/lib/dec_hanyu.h', 436, 438 ]
346 silly gunzTarPerm extractEntry deps/libiconv/lib/dec_kanji.h
347 silly gunzTarPerm modified mode [ 'deps/libiconv/lib/dec_kanji.h', 436, 438 ]
348 silly gunzTarPerm extractEntry deps/libiconv/lib/encodings.def
349 silly gunzTarPerm modified mode [ 'deps/libiconv/lib/encodings.def', 436, 438 ]
350 silly gunzTarPerm extractEntry deps/libiconv/lib/encodings_aix.def
351 silly gunzTarPerm modified mode [ 'deps/libiconv/lib/encodings_aix.def', 436, 438 ]
352 silly gunzTarPerm extractEntry deps/libiconv/lib/encodings_dos.def
353 silly gunzTarPerm modified mode [ 'deps/libiconv/lib/encodings_dos.def', 436, 438 ]
354 silly gunzTarPerm extractEntry deps/libiconv/lib/encodings_extra.def
355 silly gunzTarPerm modified mode [ 'deps/libiconv/lib/encodings_extra.def', 436, 438 ]
356 silly gunzTarPerm extractEntry deps/libiconv/lib/encodings_local.def
357 silly gunzTarPerm modified mode [ 'deps/libiconv/lib/encodings_local.def', 436, 438 ]
358 silly gunzTarPerm extractEntry deps/libiconv/lib/encodings_osf1.def
359 silly gunzTarPerm modified mode [ 'deps/libiconv/lib/encodings_osf1.def', 436, 438 ]
360 silly gunzTarPerm extractEntry deps/libiconv/lib/euc_cn.h
361 silly gunzTarPerm modified mode [ 'deps/libiconv/lib/euc_cn.h', 436, 438 ]
362 silly gunzTarPerm extractEntry deps/libiconv/lib/euc_jisx0213.h
363 silly gunzTarPerm modified mode [ 'deps/libiconv/lib/euc_jisx0213.h', 436, 438 ]
364 silly gunzTarPerm extractEntry deps/libiconv/lib/euc_jp.h
365 silly gunzTarPerm modified mode [ 'deps/libiconv/lib/euc_jp.h', 436, 438 ]
366 silly gunzTarPerm extractEntry deps/libiconv/lib/euc_kr.h
367 silly gunzTarPerm modified mode [ 'deps/libiconv/lib/euc_kr.h', 436, 438 ]
368 silly gunzTarPerm extractEntry deps/libiconv/lib/aliases.h
369 silly gunzTarPerm modified mode [ 'deps/libiconv/lib/aliases.h', 436, 438 ]
370 silly gunzTarPerm extractEntry deps/libiconv/lib/flags.h
371 silly gunzTarPerm modified mode [ 'deps/libiconv/lib/flags.h', 436, 438 ]
372 silly gunzTarPerm extractEntry deps/libiconv/lib/flushwc.h
373 silly gunzTarPerm modified mode [ 'deps/libiconv/lib/flushwc.h', 436, 438 ]
374 silly gunzTarPerm extractEntry deps/libiconv/lib/gb12345.h
375 silly gunzTarPerm modified mode [ 'deps/libiconv/lib/gb12345.h', 436, 438 ]
376 silly gunzTarPerm extractEntry deps/libiconv/lib/gb12345ext.h
377 silly gunzTarPerm modified mode [ 'deps/libiconv/lib/gb12345ext.h', 436, 438 ]
378 silly gunzTarPerm extractEntry deps/libiconv/lib/gb18030.h
379 silly gunzTarPerm modified mode [ 'deps/libiconv/lib/gb18030.h', 436, 438 ]
380 silly gunzTarPerm extractEntry deps/libiconv/lib/gb18030ext.h
381 silly gunzTarPerm modified mode [ 'deps/libiconv/lib/gb18030ext.h', 436, 438 ]
382 silly gunzTarPerm extractEntry deps/libiconv/lib/gb18030uni.h
383 silly gunzTarPerm modified mode [ 'deps/libiconv/lib/gb18030uni.h', 436, 438 ]
384 silly gunzTarPerm extractEntry deps/libiconv/lib/gb2312.h
385 silly gunzTarPerm modified mode [ 'deps/libiconv/lib/gb2312.h', 436, 438 ]
386 silly gunzTarPerm extractEntry deps/libiconv/lib/gbk.h
387 silly gunzTarPerm modified mode [ 'deps/libiconv/lib/gbk.h', 436, 438 ]
388 silly gunzTarPerm extractEntry deps/libiconv/lib/gbkext1.h
389 silly gunzTarPerm modified mode [ 'deps/libiconv/lib/gbkext1.h', 436, 438 ]
390 silly gunzTarPerm extractEntry deps/libiconv/lib/gbkext2.h
391 silly gunzTarPerm modified mode [ 'deps/libiconv/lib/gbkext2.h', 436, 438 ]
392 silly gunzTarPerm extractEntry deps/libiconv/lib/gbkext_inv.h
393 silly gunzTarPerm modified mode [ 'deps/libiconv/lib/gbkext_inv.h', 436, 438 ]
394 silly gunzTarPerm extractEntry deps/libiconv/lib/genaliases.c
395 silly gunzTarPerm modified mode [ 'deps/libiconv/lib/genaliases.c', 436, 438 ]
396 silly gunzTarPerm extractEntry deps/libiconv/lib/genaliases2.c
397 silly gunzTarPerm modified mode [ 'deps/libiconv/lib/genaliases2.c', 436, 438 ]
398 silly gunzTarPerm extractEntry deps/libiconv/lib/genflags.c
399 silly gunzTarPerm modified mode [ 'deps/libiconv/lib/genflags.c', 436, 438 ]
400 silly gunzTarPerm extractEntry deps/libiconv/lib/gentranslit.c
401 silly gunzTarPerm modified mode [ 'deps/libiconv/lib/gentranslit.c', 436, 438 ]
402 silly gunzTarPerm extractEntry deps/libiconv/lib/georgian_academy.h
403 silly gunzTarPerm modified mode [ 'deps/libiconv/lib/georgian_academy.h', 436, 438 ]
404 silly gunzTarPerm extractEntry deps/libiconv/lib/georgian_ps.h
405 silly gunzTarPerm modified mode [ 'deps/libiconv/lib/georgian_ps.h', 436, 438 ]
406 silly gunzTarPerm extractEntry deps/libiconv/lib/hkscs1999.h
407 silly gunzTarPerm modified mode [ 'deps/libiconv/lib/hkscs1999.h', 436, 438 ]
408 silly gunzTarPerm extractEntry deps/libiconv/lib/hkscs2001.h
409 silly gunzTarPerm modified mode [ 'deps/libiconv/lib/hkscs2001.h', 436, 438 ]
410 silly gunzTarPerm extractEntry deps/libiconv/lib/hkscs2004.h
411 silly gunzTarPerm modified mode [ 'deps/libiconv/lib/hkscs2004.h', 436, 438 ]
412 silly gunzTarPerm extractEntry deps/libiconv/lib/hkscs2008.h
413 silly gunzTarPerm modified mode [ 'deps/libiconv/lib/hkscs2008.h', 436, 438 ]
414 silly gunzTarPerm extractEntry deps/libiconv/lib/hp_roman8.h
415 silly gunzTarPerm modified mode [ 'deps/libiconv/lib/hp_roman8.h', 436, 438 ]
416 silly gunzTarPerm extractEntry deps/libiconv/lib/hz.h
417 silly gunzTarPerm modified mode [ 'deps/libiconv/lib/hz.h', 436, 438 ]
418 silly gunzTarPerm extractEntry deps/libiconv/lib/iconv.c
419 silly gunzTarPerm modified mode [ 'deps/libiconv/lib/iconv.c', 436, 438 ]
420 silly gunzTarPerm extractEntry deps/libiconv/lib/iconv_open1.h
421 silly gunzTarPerm modified mode [ 'deps/libiconv/lib/iconv_open1.h', 436, 438 ]
422 silly gunzTarPerm extractEntry deps/libiconv/lib/iconv_open2.h
423 silly gunzTarPerm modified mode [ 'deps/libiconv/lib/iconv_open2.h', 436, 438 ]
424 silly gunzTarPerm extractEntry deps/libiconv/lib/iso2022_cn.h
425 silly gunzTarPerm modified mode [ 'deps/libiconv/lib/iso2022_cn.h', 436, 438 ]
426 silly gunzTarPerm extractEntry deps/libiconv/lib/iso2022_cnext.h
427 silly gunzTarPerm modified mode [ 'deps/libiconv/lib/iso2022_cnext.h', 436, 438 ]
428 silly gunzTarPerm extractEntry deps/libiconv/lib/iso2022_jp.h
429 silly gunzTarPerm modified mode [ 'deps/libiconv/lib/iso2022_jp.h', 436, 438 ]
430 silly gunzTarPerm extractEntry deps/libiconv/lib/iso2022_jp1.h
431 silly gunzTarPerm modified mode [ 'deps/libiconv/lib/iso2022_jp1.h', 436, 438 ]
432 silly gunzTarPerm extractEntry deps/libiconv/lib/iso2022_jp2.h
433 silly gunzTarPerm modified mode [ 'deps/libiconv/lib/iso2022_jp2.h', 436, 438 ]
434 silly gunzTarPerm extractEntry deps/libiconv/lib/iso2022_jp3.h
435 silly gunzTarPerm modified mode [ 'deps/libiconv/lib/iso2022_jp3.h', 436, 438 ]
436 silly gunzTarPerm extractEntry deps/libiconv/lib/iso2022_kr.h
437 silly gunzTarPerm modified mode [ 'deps/libiconv/lib/iso2022_kr.h', 436, 438 ]
438 silly gunzTarPerm extractEntry deps/libiconv/lib/iso646_cn.h
439 silly gunzTarPerm modified mode [ 'deps/libiconv/lib/iso646_cn.h', 436, 438 ]
440 silly gunzTarPerm extractEntry deps/libiconv/lib/iso646_jp.h
441 silly gunzTarPerm modified mode [ 'deps/libiconv/lib/iso646_jp.h', 436, 438 ]
442 silly gunzTarPerm extractEntry deps/libiconv/lib/iso8859_1.h
443 silly gunzTarPerm modified mode [ 'deps/libiconv/lib/iso8859_1.h', 436, 438 ]
444 silly gunzTarPerm extractEntry deps/libiconv/lib/iso8859_10.h
445 silly gunzTarPerm modified mode [ 'deps/libiconv/lib/iso8859_10.h', 436, 438 ]
446 silly gunzTarPerm extractEntry deps/libiconv/lib/iso8859_11.h
447 silly gunzTarPerm modified mode [ 'deps/libiconv/lib/iso8859_11.h', 436, 438 ]
448 silly gunzTarPerm extractEntry deps/libiconv/lib/iso8859_13.h
449 silly gunzTarPerm modified mode [ 'deps/libiconv/lib/iso8859_13.h', 436, 438 ]
450 silly gunzTarPerm extractEntry deps/libiconv/lib/iso8859_14.h
451 silly gunzTarPerm modified mode [ 'deps/libiconv/lib/iso8859_14.h', 436, 438 ]
452 silly gunzTarPerm extractEntry deps/libiconv/lib/iso8859_15.h
453 silly gunzTarPerm modified mode [ 'deps/libiconv/lib/iso8859_15.h', 436, 438 ]
454 silly gunzTarPerm extractEntry deps/libiconv/lib/iso8859_16.h
455 silly gunzTarPerm modified mode [ 'deps/libiconv/lib/iso8859_16.h', 436, 438 ]
456 silly gunzTarPerm extractEntry deps/libiconv/lib/iso8859_2.h
457 silly gunzTarPerm modified mode [ 'deps/libiconv/lib/iso8859_2.h', 436, 438 ]
458 silly gunzTarPerm extractEntry deps/libiconv/lib/iso8859_3.h
459 silly gunzTarPerm modified mode [ 'deps/libiconv/lib/iso8859_3.h', 436, 438 ]
460 silly gunzTarPerm extractEntry deps/libiconv/lib/iso8859_4.h
461 silly gunzTarPerm modified mode [ 'deps/libiconv/lib/iso8859_4.h', 436, 438 ]
462 silly gunzTarPerm extractEntry deps/libiconv/lib/iso8859_5.h
463 silly gunzTarPerm modified mode [ 'deps/libiconv/lib/iso8859_5.h', 436, 438 ]
464 silly gunzTarPerm extractEntry deps/libiconv/lib/iso8859_6.h
465 silly gunzTarPerm modified mode [ 'deps/libiconv/lib/iso8859_6.h', 436, 438 ]
466 silly gunzTarPerm extractEntry deps/libiconv/lib/iso8859_7.h
467 silly gunzTarPerm modified mode [ 'deps/libiconv/lib/iso8859_7.h', 436, 438 ]
468 silly gunzTarPerm extractEntry deps/libiconv/lib/iso8859_8.h
469 silly gunzTarPerm modified mode [ 'deps/libiconv/lib/iso8859_8.h', 436, 438 ]
470 silly gunzTarPerm extractEntry deps/libiconv/lib/iso8859_9.h
471 silly gunzTarPerm modified mode [ 'deps/libiconv/lib/iso8859_9.h', 436, 438 ]
472 silly gunzTarPerm extractEntry deps/libiconv/lib/isoir165.h
473 silly gunzTarPerm modified mode [ 'deps/libiconv/lib/isoir165.h', 436, 438 ]
474 silly gunzTarPerm extractEntry deps/libiconv/lib/isoir165ext.h
475 silly gunzTarPerm modified mode [ 'deps/libiconv/lib/isoir165ext.h', 436, 438 ]
476 silly gunzTarPerm extractEntry deps/libiconv/lib/java.h
477 silly gunzTarPerm modified mode [ 'deps/libiconv/lib/java.h', 436, 438 ]
478 silly gunzTarPerm extractEntry deps/libiconv/lib/jisx0201.h
479 silly gunzTarPerm modified mode [ 'deps/libiconv/lib/jisx0201.h', 436, 438 ]
480 silly gunzTarPerm extractEntry deps/libiconv/lib/jisx0208.h
481 silly gunzTarPerm modified mode [ 'deps/libiconv/lib/jisx0208.h', 436, 438 ]
482 silly gunzTarPerm extractEntry deps/libiconv/lib/jisx0212.h
483 silly gunzTarPerm modified mode [ 'deps/libiconv/lib/jisx0212.h', 436, 438 ]
484 silly gunzTarPerm extractEntry deps/libiconv/lib/jisx0213.h
485 silly gunzTarPerm modified mode [ 'deps/libiconv/lib/jisx0213.h', 436, 438 ]
486 silly gunzTarPerm extractEntry deps/libiconv/lib/johab.h
487 silly gunzTarPerm modified mode [ 'deps/libiconv/lib/johab.h', 436, 438 ]
488 silly gunzTarPerm extractEntry deps/libiconv/lib/johab_hangul.h
489 silly gunzTarPerm modified mode [ 'deps/libiconv/lib/johab_hangul.h', 436, 438 ]
490 silly gunzTarPerm extractEntry deps/libiconv/lib/koi8_r.h
491 silly gunzTarPerm modified mode [ 'deps/libiconv/lib/koi8_r.h', 436, 438 ]
492 silly gunzTarPerm extractEntry deps/libiconv/lib/koi8_ru.h
493 silly gunzTarPerm modified mode [ 'deps/libiconv/lib/koi8_ru.h', 436, 438 ]
494 silly gunzTarPerm extractEntry deps/libiconv/lib/koi8_t.h
495 silly gunzTarPerm modified mode [ 'deps/libiconv/lib/koi8_t.h', 436, 438 ]
496 silly gunzTarPerm extractEntry deps/libiconv/lib/koi8_u.h
497 silly gunzTarPerm modified mode [ 'deps/libiconv/lib/koi8_u.h', 436, 438 ]
498 silly gunzTarPerm extractEntry deps/libiconv/lib/ksc5601.h
499 silly gunzTarPerm modified mode [ 'deps/libiconv/lib/ksc5601.h', 436, 438 ]
500 silly gunzTarPerm extractEntry deps/libiconv/lib/loop_unicode.h
501 silly gunzTarPerm modified mode [ 'deps/libiconv/lib/loop_unicode.h', 436, 438 ]
502 silly gunzTarPerm extractEntry deps/libiconv/lib/loop_wchar.h
503 silly gunzTarPerm modified mode [ 'deps/libiconv/lib/loop_wchar.h', 436, 438 ]
504 silly gunzTarPerm extractEntry deps/libiconv/lib/loops.h
505 silly gunzTarPerm modified mode [ 'deps/libiconv/lib/loops.h', 436, 438 ]
506 silly gunzTarPerm extractEntry deps/libiconv/lib/mac_arabic.h
507 silly gunzTarPerm modified mode [ 'deps/libiconv/lib/mac_arabic.h', 436, 438 ]
508 silly gunzTarPerm extractEntry deps/libiconv/lib/mac_centraleurope.h
509 silly gunzTarPerm modified mode [ 'deps/libiconv/lib/mac_centraleurope.h', 436, 438 ]
510 silly gunzTarPerm extractEntry deps/libiconv/lib/mac_croatian.h
511 silly gunzTarPerm modified mode [ 'deps/libiconv/lib/mac_croatian.h', 436, 438 ]
512 silly gunzTarPerm extractEntry deps/libiconv/lib/mac_cyrillic.h
513 silly gunzTarPerm modified mode [ 'deps/libiconv/lib/mac_cyrillic.h', 436, 438 ]
514 silly gunzTarPerm extractEntry deps/libiconv/lib/mac_greek.h
515 silly gunzTarPerm modified mode [ 'deps/libiconv/lib/mac_greek.h', 436, 438 ]
516 silly gunzTarPerm extractEntry deps/libiconv/lib/mac_hebrew.h
517 silly gunzTarPerm modified mode [ 'deps/libiconv/lib/mac_hebrew.h', 436, 438 ]
518 silly gunzTarPerm extractEntry deps/libiconv/lib/mac_iceland.h
519 silly gunzTarPerm modified mode [ 'deps/libiconv/lib/mac_iceland.h', 436, 438 ]
520 silly gunzTarPerm extractEntry deps/libiconv/lib/mac_roman.h
521 silly gunzTarPerm modified mode [ 'deps/libiconv/lib/mac_roman.h', 436, 438 ]
522 silly gunzTarPerm extractEntry deps/libiconv/lib/mac_romania.h
523 silly gunzTarPerm modified mode [ 'deps/libiconv/lib/mac_romania.h', 436, 438 ]
524 silly gunzTarPerm extractEntry deps/libiconv/lib/mac_thai.h
525 silly gunzTarPerm modified mode [ 'deps/libiconv/lib/mac_thai.h', 436, 438 ]
526 silly gunzTarPerm extractEntry deps/libiconv/lib/mac_turkish.h
527 silly gunzTarPerm modified mode [ 'deps/libiconv/lib/mac_turkish.h', 436, 438 ]
528 silly gunzTarPerm extractEntry deps/libiconv/lib/mac_ukraine.h
529 silly gunzTarPerm modified mode [ 'deps/libiconv/lib/mac_ukraine.h', 436, 438 ]
530 silly gunzTarPerm extractEntry deps/libiconv/lib/mulelao.h
531 silly gunzTarPerm modified mode [ 'deps/libiconv/lib/mulelao.h', 436, 438 ]
532 silly gunzTarPerm extractEntry deps/libiconv/lib/nextstep.h
533 silly gunzTarPerm modified mode [ 'deps/libiconv/lib/nextstep.h', 436, 438 ]
534 silly gunzTarPerm extractEntry deps/libiconv/lib/pt154.h
535 silly gunzTarPerm modified mode [ 'deps/libiconv/lib/pt154.h', 436, 438 ]
536 silly gunzTarPerm extractEntry deps/libiconv/lib/relocatable.c
537 silly gunzTarPerm modified mode [ 'deps/libiconv/lib/relocatable.c', 436, 438 ]
538 silly gunzTarPerm extractEntry deps/libiconv/lib/relocatable.h
539 silly gunzTarPerm modified mode [ 'deps/libiconv/lib/relocatable.h', 436, 438 ]
540 silly gunzTarPerm extractEntry deps/libiconv/lib/riscos1.h
541 silly gunzTarPerm modified mode [ 'deps/libiconv/lib/riscos1.h', 436, 438 ]
542 silly gunzTarPerm extractEntry deps/libiconv/lib/rk1048.h
543 silly gunzTarPerm modified mode [ 'deps/libiconv/lib/rk1048.h', 436, 438 ]
544 silly gunzTarPerm extractEntry deps/libiconv/lib/shift_jisx0213.h
545 silly gunzTarPerm modified mode [ 'deps/libiconv/lib/shift_jisx0213.h', 436, 438 ]
546 silly gunzTarPerm extractEntry deps/libiconv/lib/sjis.h
547 silly gunzTarPerm modified mode [ 'deps/libiconv/lib/sjis.h', 436, 438 ]
548 silly gunzTarPerm extractEntry deps/libiconv/lib/tcvn.h
549 silly gunzTarPerm modified mode [ 'deps/libiconv/lib/tcvn.h', 436, 438 ]
550 silly gunzTarPerm extractEntry deps/libiconv/lib/tds565.h
551 silly gunzTarPerm modified mode [ 'deps/libiconv/lib/tds565.h', 436, 438 ]
552 silly gunzTarPerm extractEntry deps/libiconv/lib/tis620.h
553 silly gunzTarPerm modified mode [ 'deps/libiconv/lib/tis620.h', 436, 438 ]
554 silly gunzTarPerm extractEntry deps/libiconv/lib/translit.def
555 silly gunzTarPerm modified mode [ 'deps/libiconv/lib/translit.def', 436, 438 ]
556 silly gunzTarPerm extractEntry deps/libiconv/lib/translit.h
557 silly gunzTarPerm modified mode [ 'deps/libiconv/lib/translit.h', 436, 438 ]
558 silly gunzTarPerm extractEntry deps/libiconv/lib/ucs2.h
559 silly gunzTarPerm modified mode [ 'deps/libiconv/lib/ucs2.h', 436, 438 ]
560 silly gunzTarPerm extractEntry deps/libiconv/lib/ucs2be.h
561 silly gunzTarPerm modified mode [ 'deps/libiconv/lib/ucs2be.h', 436, 438 ]
562 silly gunzTarPerm extractEntry deps/libiconv/lib/ucs2internal.h
563 silly gunzTarPerm modified mode [ 'deps/libiconv/lib/ucs2internal.h', 436, 438 ]
564 silly gunzTarPerm extractEntry deps/libiconv/lib/ucs2le.h
565 silly gunzTarPerm modified mode [ 'deps/libiconv/lib/ucs2le.h', 436, 438 ]
566 silly gunzTarPerm extractEntry deps/libiconv/lib/ucs2swapped.h
567 silly gunzTarPerm modified mode [ 'deps/libiconv/lib/ucs2swapped.h', 436, 438 ]
568 silly gunzTarPerm extractEntry deps/libiconv/lib/ucs4.h
569 silly gunzTarPerm modified mode [ 'deps/libiconv/lib/ucs4.h', 436, 438 ]
570 silly gunzTarPerm extractEntry deps/libiconv/lib/ucs4be.h
571 silly gunzTarPerm modified mode [ 'deps/libiconv/lib/ucs4be.h', 436, 438 ]
572 silly gunzTarPerm extractEntry deps/libiconv/lib/ucs4internal.h
573 silly gunzTarPerm modified mode [ 'deps/libiconv/lib/ucs4internal.h', 436, 438 ]
574 silly gunzTarPerm extractEntry deps/libiconv/lib/ucs4le.h
575 silly gunzTarPerm modified mode [ 'deps/libiconv/lib/ucs4le.h', 436, 438 ]
576 silly gunzTarPerm extractEntry deps/libiconv/lib/ucs4swapped.h
577 silly gunzTarPerm modified mode [ 'deps/libiconv/lib/ucs4swapped.h', 436, 438 ]
578 silly gunzTarPerm extractEntry deps/libiconv/lib/uhc_1.h
579 silly gunzTarPerm modified mode [ 'deps/libiconv/lib/uhc_1.h', 436, 438 ]
580 silly gunzTarPerm extractEntry deps/libiconv/lib/uhc_2.h
581 silly gunzTarPerm modified mode [ 'deps/libiconv/lib/uhc_2.h', 436, 438 ]
582 silly gunzTarPerm extractEntry deps/libiconv/lib/utf16.h
583 silly gunzTarPerm modified mode [ 'deps/libiconv/lib/utf16.h', 436, 438 ]
584 silly gunzTarPerm extractEntry deps/libiconv/lib/utf16be.h
585 silly gunzTarPerm modified mode [ 'deps/libiconv/lib/utf16be.h', 436, 438 ]
586 silly gunzTarPerm extractEntry deps/libiconv/lib/utf16le.h
587 silly gunzTarPerm modified mode [ 'deps/libiconv/lib/utf16le.h', 436, 438 ]
588 silly gunzTarPerm extractEntry deps/libiconv/lib/utf32.h
589 silly gunzTarPerm modified mode [ 'deps/libiconv/lib/utf32.h', 436, 438 ]
590 silly gunzTarPerm extractEntry deps/libiconv/lib/utf32be.h
591 silly gunzTarPerm modified mode [ 'deps/libiconv/lib/utf32be.h', 436, 438 ]
592 silly gunzTarPerm extractEntry deps/libiconv/lib/utf32le.h
593 silly gunzTarPerm modified mode [ 'deps/libiconv/lib/utf32le.h', 436, 438 ]
594 silly gunzTarPerm extractEntry deps/libiconv/lib/utf7.h
595 silly gunzTarPerm modified mode [ 'deps/libiconv/lib/utf7.h', 436, 438 ]
596 silly gunzTarPerm extractEntry deps/libiconv/lib/utf8.h
597 silly gunzTarPerm modified mode [ 'deps/libiconv/lib/utf8.h', 436, 438 ]
598 silly gunzTarPerm extractEntry deps/libiconv/lib/vietcomb.h
599 silly gunzTarPerm modified mode [ 'deps/libiconv/lib/vietcomb.h', 436, 438 ]
600 silly gunzTarPerm extractEntry deps/libiconv/lib/viscii.h
601 silly gunzTarPerm modified mode [ 'deps/libiconv/lib/viscii.h', 436, 438 ]
602 silly gunzTarPerm extractEntry lib/iconv.js
603 silly gunzTarPerm modified mode [ 'lib/iconv.js', 436, 438 ]
604 silly gunzTarPerm extractEntry src/binding.cc
605 silly gunzTarPerm modified mode [ 'src/binding.cc', 436, 438 ]
606 silly gunzTarPerm extractEntry support/config.h
607 silly gunzTarPerm modified mode [ 'support/config.h', 436, 438 ]
608 silly gunzTarPerm extractEntry support/iconv.h
609 silly gunzTarPerm modified mode [ 'support/iconv.h', 436, 438 ]
610 silly gunzTarPerm extractEntry test/test-basic.js
611 silly gunzTarPerm modified mode [ 'test/test-basic.js', 436, 438 ]
612 silly gunzTarPerm extractEntry test/test-big-buffer.js
613 silly gunzTarPerm modified mode [ 'test/test-big-buffer.js', 436, 438 ]
614 silly gunzTarPerm extractEntry test/test-stream.js
615 silly gunzTarPerm modified mode [ 'test/test-stream.js', 436, 438 ]
616 silly gunzTarPerm extractEntry test/fixtures/lorem-ipsum.txt
617 silly gunzTarPerm modified mode [ 'test/fixtures/lorem-ipsum.txt', 436, 438 ]
618 verbose write writing to F:\my_printer(1)\my_printer\node_modules\iconv\package.json
619 info preinstall iconv@2.1.8
620 verbose readDependencies loading dependencies from F:\my_printer(1)\my_printer\node_modules\iconv\package.json
621 silly prepareForInstallMany adding nan@~1.8.0 from iconv dependencies
622 verbose readDependencies loading dependencies from F:\my_printer(1)\my_printer\node_modules\iconv\package.json
623 silly cache add args [ 'nan@~1.8.0', null ]
624 verbose cache add spec nan@~1.8.0
625 silly cache add parsed spec { raw: 'nan@~1.8.0',
625 silly cache add   scope: null,
625 silly cache add   name: 'nan',
625 silly cache add   rawSpec: '~1.8.0',
625 silly cache add   spec: '>=1.8.0 <1.9.0',
625 silly cache add   type: 'range' }
626 silly addNamed nan@>=1.8.0 <1.9.0
627 verbose addNamed ">=1.8.0 <1.9.0" is a valid semver range for nan
628 silly addNameRange { name: 'nan', range: '>=1.8.0 <1.9.0', hasData: false }
629 silly mapToRegistry name nan
630 silly mapToRegistry using default registry
631 silly mapToRegistry registry https://registry.npmjs.org/
632 silly mapToRegistry uri https://registry.npmjs.org/nan
633 verbose addNameRange registry:https://registry.npmjs.org/nan not in flight; fetching
634 verbose request uri https://registry.npmjs.org/nan
635 verbose request no auth needed
636 info attempt registry request try #1 at 16:36:48
637 http request GET https://registry.npmjs.org/nan
638 http 200 https://registry.npmjs.org/nan
639 silly get cb [ 200,
639 silly get   { server: 'CouchDB/1.5.0 (Erlang OTP/R16B03)',
639 silly get     etag: '"9T2TEINHQE1CYR42PWQNCEY3X"',
639 silly get     'content-type': 'application/json',
639 silly get     'cache-control': 'max-age=60',
639 silly get     'content-length': '109608',
639 silly get     'accept-ranges': 'bytes',
639 silly get     date: 'Fri, 31 Jul 2015 08:37:01 GMT',
639 silly get     via: '1.1 varnish',
639 silly get     age: '20',
639 silly get     connection: 'keep-alive',
639 silly get     'x-served-by': 'cache-itm7422-ITM',
639 silly get     'x-cache': 'HIT',
639 silly get     'x-cache-hits': '3',
639 silly get     'x-timer': 'S1438331821.311327,VS0,VE0',
639 silly get     vary: 'Accept' } ]
640 verbose get saving nan to C:\Users\lining\AppData\Roaming\npm-cache\registry.npmjs.org\nan\.cache.json
641 silly addNameRange number 2 { name: 'nan', range: '>=1.8.0 <1.9.0', hasData: true }
642 silly addNameRange versions [ 'nan',
642 silly addNameRange   [ '0.3.0-wip',
642 silly addNameRange     '0.3.0-wip2',
642 silly addNameRange     '0.3.0',
642 silly addNameRange     '0.3.1',
642 silly addNameRange     '0.3.2',
642 silly addNameRange     '0.4.0',
642 silly addNameRange     '0.4.1',
642 silly addNameRange     '0.4.2',
642 silly addNameRange     '0.4.3',
642 silly addNameRange     '0.4.4',
642 silly addNameRange     '0.5.0',
642 silly addNameRange     '0.5.1',
642 silly addNameRange     '0.5.2',
642 silly addNameRange     '0.6.0',
642 silly addNameRange     '0.7.0',
642 silly addNameRange     '0.7.1',
642 silly addNameRange     '0.8.0',
642 silly addNameRange     '1.0.0',
642 silly addNameRange     '1.1.0',
642 silly addNameRange     '1.1.1',
642 silly addNameRange     '1.1.2',
642 silly addNameRange     '1.2.0',
642 silly addNameRange     '1.3.0',
642 silly addNameRange     '1.4.0',
642 silly addNameRange     '1.4.1',
642 silly addNameRange     '1.5.0',
642 silly addNameRange     '1.4.2',
642 silly addNameRange     '1.4.3',
642 silly addNameRange     '1.5.1',
642 silly addNameRange     '1.5.2',
642 silly addNameRange     '1.6.0',
642 silly addNameRange     '1.5.3',
642 silly addNameRange     '1.6.1',
642 silly addNameRange     '1.6.2',
642 silly addNameRange     '1.7.0',
642 silly addNameRange     '1.8.0',
642 silly addNameRange     '1.8.1',
642 silly addNameRange     '1.8.2',
642 silly addNameRange     '1.8.3',
642 silly addNameRange     '1.8.4' ] ]
643 silly addNamed nan@1.8.4
644 verbose addNamed "1.8.4" is a plain semver version for nan
645 silly mapToRegistry name nan
646 silly mapToRegistry using default registry
647 silly mapToRegistry registry https://registry.npmjs.org/
648 silly mapToRegistry uri https://registry.npmjs.org/nan
649 verbose addRemoteTarball https://registry.npmjs.org/nan/-/nan-1.8.4.tgz not in flight; adding
650 verbose addRemoteTarball [ 'https://registry.npmjs.org/nan/-/nan-1.8.4.tgz',
650 verbose addRemoteTarball   '3c76b5382eab33e44b758d2813ca9d92e9342f34' ]
651 info retry fetch attempt 1 at 16:36:49
652 info attempt registry request try #1 at 16:36:49
653 http fetch GET https://registry.npmjs.org/nan/-/nan-1.8.4.tgz
654 http fetch 200 https://registry.npmjs.org/nan/-/nan-1.8.4.tgz
655 silly fetchAndShaCheck shasum 3c76b5382eab33e44b758d2813ca9d92e9342f34
656 verbose addTmpTarball C:\Users\lining\AppData\Local\Temp\npm-6868-5abe17d3\registry.npmjs.org\nan\-\nan-1.8.4.tgz not in flight; adding
657 verbose addTmpTarball already have metadata; skipping unpack for nan@1.8.4
658 silly cache afterAdd nan@1.8.4
659 verbose afterAdd C:\Users\lining\AppData\Roaming\npm-cache\nan\1.8.4\package\package.json not in flight; writing
660 verbose afterAdd C:\Users\lining\AppData\Roaming\npm-cache\nan\1.8.4\package\package.json written
661 silly install resolved [ { name: 'nan',
661 silly install resolved     version: '1.8.4',
661 silly install resolved     description: 'Native Abstractions for Node.js: C++ header for Node 0.8->0.12 compatibility',
661 silly install resolved     main: 'include_dirs.js',
661 silly install resolved     repository: { type: 'git', url: 'git://github.com/iojs/nan.git' },
661 silly install resolved     scripts:
661 silly install resolved      { test: 'tap --gc test/js/*-test.js',
661 silly install resolved        'rebuild-tests': 'pangyp rebuild --directory test' },
661 silly install resolved     contributors:
661 silly install resolved      [ [Object],
661 silly install resolved        [Object],
661 silly install resolved        [Object],
661 silly install resolved        [Object],
661 silly install resolved        [Object],
661 silly install resolved        [Object],
661 silly install resolved        [Object] ],
661 silly install resolved     devDependencies:
661 silly install resolved      { bindings: '~1.2.1',
661 silly install resolved        'node-gyp': '~1.0.2',
661 silly install resolved        pangyp: '~2.0.1',
661 silly install resolved        tap: '~0.7.1',
661 silly install resolved        xtend: '~4.0.0' },
661 silly install resolved     license: 'MIT',
661 silly install resolved     gitHead: 'ed3bbf4ced0cf7937b4e4164766797f71aa97f3d',
661 silly install resolved     bugs: { url: 'https://github.com/iojs/nan/issues' },
661 silly install resolved     homepage: 'https://github.com/iojs/nan#readme',
661 silly install resolved     _id: 'nan@1.8.4',
661 silly install resolved     _shasum: '3c76b5382eab33e44b758d2813ca9d92e9342f34',
661 silly install resolved     _from: 'nan@>=1.8.0 <1.9.0',
661 silly install resolved     _npmVersion: '2.8.3',
661 silly install resolved     _nodeVersion: '0.12.2',
661 silly install resolved     _npmUser: { name: 'kkoopa', email: 'bbyholm@abo.fi' },
661 silly install resolved     maintainers: [ [Object], [Object] ],
661 silly install resolved     dist:
661 silly install resolved      { shasum: '3c76b5382eab33e44b758d2813ca9d92e9342f34',
661 silly install resolved        tarball: 'http://registry.npmjs.org/nan/-/nan-1.8.4.tgz' },
661 silly install resolved     directories: {},
661 silly install resolved     _resolved: 'https://registry.npmjs.org/nan/-/nan-1.8.4.tgz' } ]
662 info install nan@1.8.4 into F:\my_printer(1)\my_printer\node_modules\iconv
663 info installOne nan@1.8.4
664 verbose installOne of nan to F:\my_printer(1)\my_printer\node_modules\iconv not in flight; installing
665 verbose lock using C:\Users\lining\AppData\Roaming\npm-cache\_locks\nan-cd05081e56957bb1.lock for F:\my_printer(1)\my_printer\node_modules\iconv\node_modules\nan
666 silly install write writing nan 1.8.4 to F:\my_printer(1)\my_printer\node_modules\iconv\node_modules\nan
667 verbose unbuild node_modules\iconv\node_modules\nan
668 silly gentlyRm F:\my_printer(1)\my_printer\node_modules\iconv\node_modules\nan is being purged from base F:\my_printer(1)\my_printer
669 verbose gentlyRm don't care about contents; nuking F:\my_printer(1)\my_printer\node_modules\iconv\node_modules\nan
670 verbose tar unpack C:\Users\lining\AppData\Roaming\npm-cache\nan\1.8.4\package.tgz
671 verbose tar unpacking to F:\my_printer(1)\my_printer\node_modules\iconv\node_modules\nan
672 silly gentlyRm F:\my_printer(1)\my_printer\node_modules\iconv\node_modules\nan is being purged
673 verbose gentlyRm don't care about contents; nuking F:\my_printer(1)\my_printer\node_modules\iconv\node_modules\nan
674 silly gunzTarPerm modes [ '777', '666' ]
675 silly gunzTarPerm extractEntry package.json
676 silly gunzTarPerm modified mode [ 'package.json', 436, 438 ]
677 silly gunzTarPerm extractEntry README.md
678 silly gunzTarPerm modified mode [ 'README.md', 436, 438 ]
679 silly gunzTarPerm extractEntry include_dirs.js
680 silly gunzTarPerm modified mode [ 'include_dirs.js', 436, 438 ]
681 silly gunzTarPerm extractEntry LICENSE.md
682 silly gunzTarPerm modified mode [ 'LICENSE.md', 436, 438 ]
683 silly gunzTarPerm extractEntry .dntrc
684 silly gunzTarPerm modified mode [ '.dntrc', 436, 438 ]
685 silly gunzTarPerm extractEntry appveyor.yml
686 silly gunzTarPerm modified mode [ 'appveyor.yml', 436, 438 ]
687 silly gunzTarPerm extractEntry nan.h
688 silly gunzTarPerm modified mode [ 'nan.h', 436, 438 ]
689 silly gunzTarPerm extractEntry nan_implementation_12_inl.h
690 silly gunzTarPerm modified mode [ 'nan_implementation_12_inl.h', 436, 438 ]
691 silly gunzTarPerm extractEntry nan_implementation_pre_12_inl.h
692 silly gunzTarPerm modified mode [ 'nan_implementation_pre_12_inl.h', 436, 438 ]
693 silly gunzTarPerm extractEntry nan_new.h
694 silly gunzTarPerm modified mode [ 'nan_new.h', 436, 438 ]
695 silly gunzTarPerm extractEntry nan_string_bytes.h
696 silly gunzTarPerm modified mode [ 'nan_string_bytes.h', 436, 438 ]
697 silly gunzTarPerm extractEntry CHANGELOG.md
698 silly gunzTarPerm modified mode [ 'CHANGELOG.md', 436, 438 ]
699 verbose write writing to F:\my_printer(1)\my_printer\node_modules\iconv\node_modules\nan\package.json
700 info preinstall nan@1.8.4
701 verbose readDependencies loading dependencies from F:\my_printer(1)\my_printer\node_modules\iconv\node_modules\nan\package.json
702 verbose readDependencies loading dependencies from F:\my_printer(1)\my_printer\node_modules\iconv\node_modules\nan\package.json
703 silly install resolved []
704 verbose about to build F:\my_printer(1)\my_printer\node_modules\iconv\node_modules\nan
705 info build F:\my_printer(1)\my_printer\node_modules\iconv\node_modules\nan
706 info linkStuff nan@1.8.4
707 silly linkStuff nan@1.8.4 has F:\my_printer(1)\my_printer\node_modules\iconv\node_modules as its parent node_modules
708 verbose linkBins nan@1.8.4
709 verbose linkMans nan@1.8.4
710 verbose rebuildBundles nan@1.8.4
711 info install nan@1.8.4
712 info postinstall nan@1.8.4
713 verbose unlock done using C:\Users\lining\AppData\Roaming\npm-cache\_locks\nan-cd05081e56957bb1.lock for F:\my_printer(1)\my_printer\node_modules\iconv\node_modules\nan
714 verbose about to build F:\my_printer(1)\my_printer\node_modules\iconv
715 info build F:\my_printer(1)\my_printer\node_modules\iconv
716 info linkStuff iconv@2.1.8
717 silly linkStuff iconv@2.1.8 has F:\my_printer(1)\my_printer\node_modules as its parent node_modules
718 verbose linkBins iconv@2.1.8
719 verbose linkMans iconv@2.1.8
720 verbose rebuildBundles iconv@2.1.8
721 verbose rebuildBundles [ 'nan' ]
722 info install iconv@2.1.8
723 verbose unsafe-perm in lifecycle true
724 info iconv@2.1.8 Failed to exec install script
725 verbose unlock done using C:\Users\lining\AppData\Roaming\npm-cache\_locks\iconv-9ac738de3c956df5.lock for F:\my_printer(1)\my_printer\node_modules\iconv
726 verbose stack Error: iconv@2.1.8 install: `node-gyp rebuild`
726 verbose stack Exit status 1
726 verbose stack     at EventEmitter.<anonymous> (C:\Program Files\nodejs\node_modules\npm\lib\utils\lifecycle.js:213:16)
726 verbose stack     at EventEmitter.emit (events.js:110:17)
726 verbose stack     at ChildProcess.<anonymous> (C:\Program Files\nodejs\node_modules\npm\lib\utils\spawn.js:24:14)
726 verbose stack     at ChildProcess.emit (events.js:110:17)
726 verbose stack     at maybeClose (child_process.js:1015:16)
726 verbose stack     at Process.ChildProcess._handle.onexit (child_process.js:1087:5)
727 verbose pkgid iconv@2.1.8
728 verbose cwd F:\my_printer(1)\my_printer
729 error Windows_NT 6.3.9600
730 error argv "C:\\Program Files\\nodejs\\\\node.exe" "C:\\Program Files\\nodejs\\node_modules\\npm\\bin\\npm-cli.js" "install" "iconv"
731 error node v0.12.7
732 error npm  v2.11.3
733 error code ELIFECYCLE
734 error iconv@2.1.8 install: `node-gyp rebuild`
734 error Exit status 1
735 error Failed at the iconv@2.1.8 install script 'node-gyp rebuild'.
735 error This is most likely a problem with the iconv package,
735 error not with npm itself.
735 error Tell the author that this fails on your system:
735 error     node-gyp rebuild
735 error You can get their info via:
735 error     npm owner ls iconv
735 error There is likely additional logging output above.
736 verbose exit [ 1, true ]
737 verbose unbuild node_modules\iconv
738 info preuninstall iconv@2.1.8
739 info uninstall iconv@2.1.8
740 verbose unbuild rmStuff iconv@2.1.8 from F:\my_printer(1)\my_printer\node_modules
741 info postuninstall iconv@2.1.8
742 silly gentlyRm F:\my_printer(1)\my_printer\node_modules\iconv is being purged from base F:\my_printer(1)\my_printer
743 verbose gentlyRm don't care about contents; nuking F:\my_printer(1)\my_printer\node_modules\iconv
744 silly vacuum-fs purging F:\my_printer(1)\my_printer\node_modules\iconv
745 silly vacuum-fs quitting because other entries in F:\my_printer(1)\my_printer\node_modules
